<?xml version="1.0" encoding="UTF-8"?>
<!-- Generated by org.testng.reporters.JUnitReportReporter -->
<testsuite hostname="DESKTOP-56F4B9S" failures="0" tests="1" name="issuemanagertestcases.LoginPageTestCases" time="25.777" errors="0" timestamp="2024-12-22T01:08:31 IST" skipped="0">
  <testcase classname="issuemanagertestcases.LoginPageTestCases" name="login" time="25.777"/>
</testsuite> <!-- issuemanagertestcases.LoginPageTestCases -->
